1613686166438	geckodriver	INFO	Listening on 127.0.0.1:59735
1613686169474	mozrunner::runner	INFO	Running command: "C:\\Program Files\\Mozilla Firefox\\firefox.exe" "--marionette" "-foreground" "-no-remote" "-profile" "C:\\Users\\Peter\\AppData\\Local\\Temp\\rust_mozprofilePFBUUs"
console.warn: SearchSettings: "get: No settings file exists, new profile?" (new Error("", "(unknown module)"))
1613686175032	Marionette	INFO	Listening on port 59743
1613686175199	Marionette	WARN	TLS certificate errors will be ignored for this session
1613686175213	Marionette	ERROR	[15] No reply from Marionette:Register
console.error: Region.jsm: "Error fetching region" (new Error("TIMEOUT", "resource://gre/modules/Region.jsm", 775))
console.error: Region.jsm: "Failed to fetch region" (new Error("TIMEOUT", "resource://gre/modules/Region.jsm", 422))
1613686394200	geckodriver	INFO	Listening on 127.0.0.1:59818
1613686397260	mozrunner::runner	INFO	Running command: "C:\\Program Files\\Mozilla Firefox\\firefox.exe" "--marionette" "-foreground" "-no-remote" "-profile" "C:\\Users\\Peter\\AppData\\Local\\Temp\\rust_mozprofileyWjdMR"
console.warn: SearchSettings: "get: No settings file exists, new profile?" (new Error("", "(unknown module)"))
1613686403665	Marionette	INFO	Listening on port 59827
1613686404179	Marionette	WARN	TLS certificate errors will be ignored for this session
1613686404206	Marionette	ERROR	[18] No reply from Marionette:Register
console.warn: SearchSettings: "get: No settings file exists, new profile?" (new Error("", "(unknown module)"))
JavaScript error: https://moodle.covenantuniversity.edu.ng/lib/javascript.php/1611911658/lib/requirejs/require.min.js, line 5: Error: Script error for "core/first"
http://requirejs.org/docs/errors.html#scripterror
1613686472304	geckodriver	INFO	Listening on 127.0.0.1:59872
1613686475389	mozrunner::runner	INFO	Running command: "C:\\Program Files\\Mozilla Firefox\\firefox.exe" "--marionette" "-foreground" "-no-remote" "-profile" "C:\\Users\\Peter\\AppData\\Local\\Temp\\rust_mozprofilepRLLKQ"
console.warn: SearchSettings: "get: No settings file exists, new profile?" (new Error("", "(unknown module)"))
1613686482288	Marionette	INFO	Listening on port 59881
1613686482814	Marionette	WARN	TLS certificate errors will be ignored for this session
1613686482840	Marionette	ERROR	[15] No reply from Marionette:Register
console.warn: SearchSettings: "get: No settings file exists, new profile?" (new Error("", "(unknown module)"))
JavaScript error: resource://activity-stream/lib/ASRouter.jsm, line 987: NS_ERROR_ILLEGAL_VALUE: Component returned failure code: 0x80070057 (NS_ERROR_ILLEGAL_VALUE) [nsIObserverService.removeObserver]
1613686538995	Marionette	INFO	Stopped listening on port 59881

###!!! [Child][RunMessage] Error: Channel closing: too late to send/recv, messages will be lost

1613686718794	geckodriver	INFO	Listening on 127.0.0.1:59963
1613686721845	mozrunner::runner	INFO	Running command: "C:\\Program Files\\Mozilla Firefox\\firefox.exe" "--marionette" "-foreground" "-no-remote" "-profile" "C:\\Users\\Peter\\AppData\\Local\\Temp\\rust_mozprofilebfwx8j"
console.warn: SearchSettings: "get: No settings file exists, new profile?" (new Error("", "(unknown module)"))
1613686728194	Marionette	INFO	Listening on port 59971
1613686728735	Marionette	WARN	TLS certificate errors will be ignored for this session
1613686728782	Marionette	ERROR	[15] No reply from Marionette:Register
console.error: Region.jsm: "Error fetching region" (new Error("TIMEOUT", "resource://gre/modules/Region.jsm", 775))
console.error: Region.jsm: "Failed to fetch region" (new Error("TIMEOUT", "resource://gre/modules/Region.jsm", 422))
1613686787570	geckodriver	INFO	Listening on 127.0.0.1:60028
1613686790668	mozrunner::runner	INFO	Running command: "C:\\Program Files\\Mozilla Firefox\\firefox.exe" "--marionette" "-foreground" "-no-remote" "-profile" "C:\\Users\\Peter\\AppData\\Local\\Temp\\rust_mozprofileSWlnju"
console.warn: SearchSettings: "get: No settings file exists, new profile?" (new Error("", "(unknown module)"))
1613686796665	Marionette	INFO	Listening on port 60037
1613686796950	Marionette	WARN	TLS certificate errors will be ignored for this session
1613686796988	Marionette	ERROR	[15] No reply from Marionette:Register
console.error: Region.jsm: "Error fetching region" (new Error("TIMEOUT", "resource://gre/modules/Region.jsm", 775))
console.error: Region.jsm: "Failed to fetch region" (new Error("TIMEOUT", "resource://gre/modules/Region.jsm", 422))
1613686937631	geckodriver	INFO	Listening on 127.0.0.1:60118
1613686940731	mozrunner::runner	INFO	Running command: "C:\\Program Files\\Mozilla Firefox\\firefox.exe" "--marionette" "-foreground" "-no-remote" "-profile" "C:\\Users\\Peter\\AppData\\Local\\Temp\\rust_mozprofileFzhoKf"
console.warn: SearchSettings: "get: No settings file exists, new profile?" (new Error("", "(unknown module)"))
1613686947013	Marionette	INFO	Listening on port 60126
1613686947474	Marionette	WARN	TLS certificate errors will be ignored for this session
1613686947518	Marionette	ERROR	[15] No reply from Marionette:Register
console.warn: SearchSettings: "get: No settings file exists, new profile?" (new Error("", "(unknown module)"))
1613687113123	geckodriver	INFO	Listening on 127.0.0.1:60216
1613687116227	mozrunner::runner	INFO	Running command: "C:\\Program Files\\Mozilla Firefox\\firefox.exe" "--marionette" "-foreground" "-no-remote" "-profile" "C:\\Users\\Peter\\AppData\\Local\\Temp\\rust_mozprofileBn80WF"
console.warn: SearchSettings: "get: No settings file exists, new profile?" (new Error("", "(unknown module)"))
1613687123314	Marionette	INFO	Listening on port 60225
1613687123601	Marionette	WARN	TLS certificate errors will be ignored for this session
1613687123636	Marionette	ERROR	[15] No reply from Marionette:Register
console.warn: SearchSettings: "get: No settings file exists, new profile?" (new Error("", "(unknown module)"))
1613687165516	geckodriver	INFO	Listening on 127.0.0.1:60289
1613687168666	mozrunner::runner	INFO	Running command: "C:\\Program Files\\Mozilla Firefox\\firefox.exe" "--marionette" "-foreground" "-no-remote" "-profile" "C:\\Users\\Peter\\AppData\\Local\\Temp\\rust_mozprofileLM17T9"
console.warn: SearchSettings: "get: No settings file exists, new profile?" (new Error("", "(unknown module)"))
1613687175325	Marionette	INFO	Listening on port 60297
1613687175534	Marionette	WARN	TLS certificate errors will be ignored for this session
1613687175555	Marionette	ERROR	[18] No reply from Marionette:Register
console.warn: SearchSettings: "get: No settings file exists, new profile?" (new Error("", "(unknown module)"))
1613687696925	geckodriver	INFO	Listening on 127.0.0.1:60435
1613687700040	mozrunner::runner	INFO	Running command: "C:\\Program Files\\Mozilla Firefox\\firefox.exe" "--marionette" "-foreground" "-no-remote" "-profile" "C:\\Users\\Peter\\AppData\\Local\\Temp\\rust_mozprofileuiN1QL"
console.warn: SearchSettings: "get: No settings file exists, new profile?" (new Error("", "(unknown module)"))
1613687706197	Marionette	INFO	Listening on port 60443
1613687706294	Marionette	WARN	TLS certificate errors will be ignored for this session
1613687706308	Marionette	ERROR	[15] No reply from Marionette:Register
console.error: Region.jsm: "Error fetching region" (new Error("TIMEOUT", "resource://gre/modules/Region.jsm", 775))
console.error: Region.jsm: "Failed to fetch region" (new Error("TIMEOUT", "resource://gre/modules/Region.jsm", 422))
JavaScript error: resource://activity-stream/lib/ASRouter.jsm, line 968: TypeError: this._storage is null
console.error: services.settings: 
  main/fxmonitor-breaches Signature failed  TypeError: NetworkError when attempting to fetch resource.
console.log: "RemoteSettingsWorker error: Error: Can't import when we've started shutting down."
console.log: "RemoteSettingsWorker error: Error: Can't import when we've started shutting down."
console.log: "RemoteSettingsWorker error: Error: Can't import when we've started shutting down."
console.log: "RemoteSettingsWorker error: Error: Can't import when we've started shutting down."
console.error: "Could not load engine google@search.mozilla.org: [Exception... \"AddonManager is not initialized\"  nsresult: \"0xc1f30001 (NS_ERROR_NOT_INITIALIZED)\"  location: \"JS frame :: resource://gre/modules/AddonManager.jsm :: installBuiltinAddon :: line 2550\"  data: no]"
console.error: "Could not load engine amazondotcom@search.mozilla.org: [Exception... \"AddonManager is not initialized\"  nsresult: \"0xc1f30001 (NS_ERROR_NOT_INITIALIZED)\"  location: \"JS frame :: resource://gre/modules/AddonManager.jsm :: installBuiltinAddon :: line 2550\"  data: no]"
console.error: "Could not load engine wikipedia@search.mozilla.org: [Exception... \"AddonManager is not initialized\"  nsresult: \"0xc1f30001 (NS_ERROR_NOT_INITIALIZED)\"  location: \"JS frame :: resource://gre/modules/AddonManager.jsm :: installBuiltinAddon :: line 2550\"  data: no]"
console.error: "Could not load engine bing@search.mozilla.org: [Exception... \"AddonManager is not initialized\"  nsresult: \"0xc1f30001 (NS_ERROR_NOT_INITIALIZED)\"  location: \"JS frame :: resource://gre/modules/AddonManager.jsm :: installBuiltinAddon :: line 2550\"  data: no]"
console.error: "Could not load engine ddg@search.mozilla.org: [Exception... \"AddonManager is not initialized\"  nsresult: \"0xc1f30001 (NS_ERROR_NOT_INITIALIZED)\"  location: \"JS frame :: resource://gre/modules/AddonManager.jsm :: installBuiltinAddon :: line 2550\"  data: no]"
console.warn: SearchService: "_init: abandoning init due to shutting down"
JavaScript error: , line 0: uncaught exception: 2147500036
JavaScript error: , line 0: uncaught exception: 2147500036
JavaScript error: , line 0: uncaught exception: 2147500036
JavaScript error: , line 0: uncaught exception: 2147500036
JavaScript error: , line 0: uncaught exception: 2147500036
JavaScript error: , line 0: uncaught exception: 2147500036
JavaScript error: , line 0: uncaught exception: 2147500036
JavaScript error: , line 0: AbortError: A request was aborted, for example through a call to IDBTransaction.abort.
1613687713388	Marionette	INFO	Stopped listening on port 60443

###!!! [Child][RunMessage] Error: Channel closing: too late to send/recv, messages will be lost

1613687747464	geckodriver	INFO	Listening on 127.0.0.1:60475
1613687750571	mozrunner::runner	INFO	Running command: "C:\\Program Files\\Mozilla Firefox\\firefox.exe" "--marionette" "-foreground" "-no-remote" "-profile" "C:\\Users\\Peter\\AppData\\Local\\Temp\\rust_mozprofilefA0kmh"
console.warn: SearchSettings: "get: No settings file exists, new profile?" (new Error("", "(unknown module)"))
1613687756646	Marionette	INFO	Listening on port 60483
1613687756844	Marionette	WARN	TLS certificate errors will be ignored for this session
1613687756873	Marionette	ERROR	[18] No reply from Marionette:Register
console.warn: SearchSettings: "get: No settings file exists, new profile?" (new Error("", "(unknown module)"))
1613687926399	geckodriver	INFO	Listening on 127.0.0.1:60573
1613687929499	mozrunner::runner	INFO	Running command: "C:\\Program Files\\Mozilla Firefox\\firefox.exe" "--marionette" "-foreground" "-no-remote" "-profile" "C:\\Users\\Peter\\AppData\\Local\\Temp\\rust_mozprofile38WeWr"
console.warn: SearchSettings: "get: No settings file exists, new profile?" (new Error("", "(unknown module)"))
1613687937406	Marionette	INFO	Listening on port 60582
1613687937891	Marionette	WARN	TLS certificate errors will be ignored for this session
1613687937943	Marionette	ERROR	[18] No reply from Marionette:Register
console.error: Region.jsm: "Error fetching region" (new Error("TIMEOUT", "resource://gre/modules/Region.jsm", 775))
console.error: Region.jsm: "Failed to fetch region" (new Error("TIMEOUT", "resource://gre/modules/Region.jsm", 422))
1613688227901	geckodriver	INFO	Listening on 127.0.0.1:60682
1613688231002	mozrunner::runner	INFO	Running command: "C:\\Program Files\\Mozilla Firefox\\firefox.exe" "--marionette" "-foreground" "-no-remote" "-profile" "C:\\Users\\Peter\\AppData\\Local\\Temp\\rust_mozprofiled9nuDN"
console.warn: SearchSettings: "get: No settings file exists, new profile?" (new Error("", "(unknown module)"))
1613688237809	Marionette	INFO	Listening on port 60691
1613688237852	Marionette	WARN	TLS certificate errors will be ignored for this session
1613688237871	Marionette	ERROR	[18] No reply from Marionette:Register
console.warn: SearchSettings: "get: No settings file exists, new profile?" (new Error("", "(unknown module)"))
1613688300899	geckodriver	INFO	Listening on 127.0.0.1:60764
1613688303987	mozrunner::runner	INFO	Running command: "C:\\Program Files\\Mozilla Firefox\\firefox.exe" "--marionette" "-foreground" "-no-remote" "-profile" "C:\\Users\\Peter\\AppData\\Local\\Temp\\rust_mozprofile4DpdWg"
console.warn: SearchSettings: "get: No settings file exists, new profile?" (new Error("", "(unknown module)"))
1613688310580	Marionette	INFO	Listening on port 60772
1613688310923	Marionette	WARN	TLS certificate errors will be ignored for this session
1613688310969	Marionette	ERROR	[15] No reply from Marionette:Register
console.warn: SearchSettings: "get: No settings file exists, new profile?" (new Error("", "(unknown module)"))
1613688457794	geckodriver	INFO	Listening on 127.0.0.1:60827
1613688460873	mozrunner::runner	INFO	Running command: "C:\\Program Files\\Mozilla Firefox\\firefox.exe" "--marionette" "-foreground" "-no-remote" "-profile" "C:\\Users\\Peter\\AppData\\Local\\Temp\\rust_mozprofileUBAzKY"
console.warn: SearchSettings: "get: No settings file exists, new profile?" (new Error("", "(unknown module)"))
1613688468324	Marionette	INFO	Listening on port 60835
1613688468758	Marionette	WARN	TLS certificate errors will be ignored for this session
1613688468805	Marionette	ERROR	[18] No reply from Marionette:Register
console.error: Region.jsm: "Error fetching region" (new Error("TIMEOUT", "resource://gre/modules/Region.jsm", 775))
console.error: Region.jsm: "Failed to fetch region" (new Error("TIMEOUT", "resource://gre/modules/Region.jsm", 422))
console.error: services.settings: 
  main/message-groups Signature failed  TypeError: NetworkError when attempting to fetch resource.
1613688531983	geckodriver	INFO	Listening on 127.0.0.1:60884
1613688535085	mozrunner::runner	INFO	Running command: "C:\\Program Files\\Mozilla Firefox\\firefox.exe" "--marionette" "-foreground" "-no-remote" "-profile" "C:\\Users\\Peter\\AppData\\Local\\Temp\\rust_mozprofile7TJtHy"
console.warn: SearchSettings: "get: No settings file exists, new profile?" (new Error("", "(unknown module)"))
1613688541457	Marionette	INFO	Listening on port 60893
1613688541996	Marionette	WARN	TLS certificate errors will be ignored for this session
1613688542043	Marionette	ERROR	[18] No reply from Marionette:Register
console.error: Region.jsm: "Error fetching region" (new Error("TIMEOUT", "resource://gre/modules/Region.jsm", 775))
console.error: Region.jsm: "Failed to fetch region" (new Error("TIMEOUT", "resource://gre/modules/Region.jsm", 422))
1613688619442	geckodriver	INFO	Listening on 127.0.0.1:60956
1613688622530	mozrunner::runner	INFO	Running command: "C:\\Program Files\\Mozilla Firefox\\firefox.exe" "--marionette" "-foreground" "-no-remote" "-profile" "C:\\Users\\Peter\\AppData\\Local\\Temp\\rust_mozprofilepLyGnH"
console.warn: SearchSettings: "get: No settings file exists, new profile?" (new Error("", "(unknown module)"))
1613688629580	Marionette	INFO	Listening on port 60965
1613688630775	Marionette	WARN	TLS certificate errors will be ignored for this session
1613688630825	Marionette	ERROR	[18] No reply from Marionette:Register
console.warn: SearchSettings: "get: No settings file exists, new profile?" (new Error("", "(unknown module)"))
1613688753295	geckodriver	INFO	Listening on 127.0.0.1:61043
1613688756398	mozrunner::runner	INFO	Running command: "C:\\Program Files\\Mozilla Firefox\\firefox.exe" "--marionette" "-foreground" "-no-remote" "-profile" "C:\\Users\\Peter\\AppData\\Local\\Temp\\rust_mozprofileovxnND"
console.warn: SearchSettings: "get: No settings file exists, new profile?" (new Error("", "(unknown module)"))
1613688762380	Marionette	INFO	Listening on port 61051
1613688763047	Marionette	WARN	TLS certificate errors will be ignored for this session
1613688763098	Marionette	ERROR	[15] No reply from Marionette:Register
console.warn: SearchSettings: "get: No settings file exists, new profile?" (new Error("", "(unknown module)"))
1613689088144	geckodriver	INFO	Listening on 127.0.0.1:61163
1613689091200	mozrunner::runner	INFO	Running command: "C:\\Program Files\\Mozilla Firefox\\firefox.exe" "--marionette" "-foreground" "-no-remote" "-profile" "C:\\Users\\Peter\\AppData\\Local\\Temp\\rust_mozprofile8LKuNm"
console.warn: SearchSettings: "get: No settings file exists, new profile?" (new Error("", "(unknown module)"))
1613689098501	Marionette	INFO	Listening on port 61171
1613689098767	Marionette	WARN	TLS certificate errors will be ignored for this session
1613689098803	Marionette	ERROR	[15] No reply from Marionette:Register
console.warn: SearchSettings: "get: No settings file exists, new profile?" (new Error("", "(unknown module)"))
JavaScript error: resource://activity-stream/lib/ASRouter.jsm, line 987: NS_ERROR_ILLEGAL_VALUE: Component returned failure code: 0x80070057 (NS_ERROR_ILLEGAL_VALUE) [nsIObserverService.removeObserver]
1613689135483	Marionette	INFO	Stopped listening on port 61171

###!!! [Child][RunMessage] Error: Channel closing: too late to send/recv, messages will be lost

1613689184568	geckodriver	INFO	Listening on 127.0.0.1:61235
1613689187652	mozrunner::runner	INFO	Running command: "C:\\Program Files\\Mozilla Firefox\\firefox.exe" "--marionette" "-foreground" "-no-remote" "-profile" "C:\\Users\\Peter\\AppData\\Local\\Temp\\rust_mozprofile1F7sep"
console.warn: SearchSettings: "get: No settings file exists, new profile?" (new Error("", "(unknown module)"))
1613689193615	Marionette	INFO	Listening on port 61243
1613689194613	Marionette	WARN	TLS certificate errors will be ignored for this session
1613689194664	Marionette	ERROR	[18] No reply from Marionette:Register
console.warn: SearchSettings: "get: No settings file exists, new profile?" (new Error("", "(unknown module)"))
1613689262634	geckodriver	INFO	Listening on 127.0.0.1:61306
1613689265729	mozrunner::runner	INFO	Running command: "C:\\Program Files\\Mozilla Firefox\\firefox.exe" "--marionette" "-foreground" "-no-remote" "-profile" "C:\\Users\\Peter\\AppData\\Local\\Temp\\rust_mozprofile5i3W6V"
console.warn: SearchSettings: "get: No settings file exists, new profile?" (new Error("", "(unknown module)"))
1613689272381	Marionette	INFO	Listening on port 61316
1613689272630	Marionette	WARN	TLS certificate errors will be ignored for this session
1613689272686	Marionette	ERROR	[15] No reply from Marionette:Register
console.error: Region.jsm: "Error fetching region" (new Error("TIMEOUT", "resource://gre/modules/Region.jsm", 775))
console.error: Region.jsm: "Failed to fetch region" (new Error("TIMEOUT", "resource://gre/modules/Region.jsm", 422))
1613689517885	geckodriver	INFO	Listening on 127.0.0.1:61419
1613689520977	mozrunner::runner	INFO	Running command: "C:\\Program Files\\Mozilla Firefox\\firefox.exe" "--marionette" "-foreground" "-no-remote" "-profile" "C:\\Users\\Peter\\AppData\\Local\\Temp\\rust_mozprofilePajlsV"
console.warn: SearchSettings: "get: No settings file exists, new profile?" (new Error("", "(unknown module)"))
1613689529251	Marionette	INFO	Listening on port 61428
1613689529598	Marionette	WARN	TLS certificate errors will be ignored for this session
1613689529651	Marionette	ERROR	[18] No reply from Marionette:Register
console.warn: SearchSettings: "get: No settings file exists, new profile?" (new Error("", "(unknown module)"))
1613689565862	geckodriver	INFO	Listening on 127.0.0.1:61487
1613689568946	mozrunner::runner	INFO	Running command: "C:\\Program Files\\Mozilla Firefox\\firefox.exe" "--marionette" "-foreground" "-no-remote" "-profile" "C:\\Users\\Peter\\AppData\\Local\\Temp\\rust_mozprofilecmOOV2"
console.warn: SearchSettings: "get: No settings file exists, new profile?" (new Error("", "(unknown module)"))
1613689576167	Marionette	INFO	Listening on port 61495
1613689576294	Marionette	WARN	TLS certificate errors will be ignored for this session
1613689576311	Marionette	ERROR	[15] No reply from Marionette:Register
console.warn: SearchSettings: "get: No settings file exists, new profile?" (new Error("", "(unknown module)"))
JavaScript error: https://moodle.covenantuniversity.edu.ng/lib/javascript.php/1611911658/lib/requirejs/require.min.js, line 5: Error: Script error for "core/first"
http://requirejs.org/docs/errors.html#scripterror
JavaScript error: https://moodle.covenantuniversity.edu.ng/lib/javascript.php/1611911658/lib/requirejs/require.min.js, line 5: Error: Script error for "core/first"
http://requirejs.org/docs/errors.html#scripterror
JavaScript error: https://moodle.covenantuniversity.edu.ng/lib/javascript.php/1611911658/lib/requirejs/require.min.js, line 5: Error: Script error for "core/first"
http://requirejs.org/docs/errors.html#scripterror
JavaScript error: https://moodle.covenantuniversity.edu.ng/lib/javascript.php/1611911658/lib/requirejs/require.min.js, line 5: Error: Script error for "core/first"
http://requirejs.org/docs/errors.html#scripterror
1613689769183	Marionette	WARN	Ignoring event 'DOMContentLoaded' because document has an invalid readyState of 'complete'.
1613689836856	geckodriver	INFO	Listening on 127.0.0.1:61576
1613689839949	mozrunner::runner	INFO	Running command: "C:\\Program Files\\Mozilla Firefox\\firefox.exe" "--marionette" "-foreground" "-no-remote" "-profile" "C:\\Users\\Peter\\AppData\\Local\\Temp\\rust_mozprofileBCcV6u"
console.warn: SearchSettings: "get: No settings file exists, new profile?" (new Error("", "(unknown module)"))
1613689847195	Marionette	INFO	Listening on port 61584
1613689847365	Marionette	WARN	TLS certificate errors will be ignored for this session
1613689847414	Marionette	ERROR	[15] No reply from Marionette:Register
console.warn: SearchSettings: "get: No settings file exists, new profile?" (new Error("", "(unknown module)"))
JavaScript error: https://moodle.covenantuniversity.edu.ng/lib/javascript.php/1611911658/lib/requirejs/require.min.js, line 5: Error: Script error for "core/first"
http://requirejs.org/docs/errors.html#scripterror
JavaScript error: https://moodle.covenantuniversity.edu.ng/lib/javascript.php/1611911658/lib/requirejs/require.min.js, line 5: Error: Script error for "core/first"
http://requirejs.org/docs/errors.html#scripterror
JavaScript error: https://moodle.covenantuniversity.edu.ng/lib/javascript.php/1611911658/lib/requirejs/require.min.js, line 5: Error: Script error for "core/first"
http://requirejs.org/docs/errors.html#scripterror
JavaScript error: https://moodle.covenantuniversity.edu.ng/lib/javascript.php/1611911658/lib/requirejs/require.min.js, line 5: Error: Script error for "core/first"
http://requirejs.org/docs/errors.html#scripterror
JavaScript error: https://moodle.covenantuniversity.edu.ng/lib/javascript.php/1611911658/lib/requirejs/require.min.js, line 5: Error: Script error for "core/first"
http://requirejs.org/docs/errors.html#scripterror
JavaScript error: https://moodle.covenantuniversity.edu.ng/lib/javascript.php/1611911658/lib/requirejs/require.min.js, line 5: Error: Script error for "core/first"
http://requirejs.org/docs/errors.html#scripterror
JavaScript error: https://moodle.covenantuniversity.edu.ng/lib/javascript.php/1611911658/lib/requirejs/require.min.js, line 5: Error: Script error for "core/first"
http://requirejs.org/docs/errors.html#scripterror
JavaScript error: https://moodle.covenantuniversity.edu.ng/lib/javascript.php/1611911658/lib/requirejs/require.min.js, line 5: Error: Script error for "core/first"
http://requirejs.org/docs/errors.html#scripterror
1613690279288	geckodriver	INFO	Listening on 127.0.0.1:61678
1613690282318	mozrunner::runner	INFO	Running command: "C:\\Program Files\\Mozilla Firefox\\firefox.exe" "--marionette" "-foreground" "-no-remote" "-profile" "C:\\Users\\Peter\\AppData\\Local\\Temp\\rust_mozprofileqPh3x5"
console.warn: SearchSettings: "get: No settings file exists, new profile?" (new Error("", "(unknown module)"))
1613690288834	Marionette	INFO	Listening on port 61687
1613690289212	Marionette	WARN	TLS certificate errors will be ignored for this session
1613690289240	Marionette	ERROR	[15] No reply from Marionette:Register
console.warn: SearchSettings: "get: No settings file exists, new profile?" (new Error("", "(unknown module)"))
JavaScript error: https://moodle.covenantuniversity.edu.ng/lib/javascript.php/1611911658/lib/requirejs/require.min.js, line 5: Error: Script error for "core/first"
http://requirejs.org/docs/errors.html#scripterror
JavaScript error: https://moodle.covenantuniversity.edu.ng/lib/javascript.php/1611911658/lib/requirejs/require.min.js, line 5: Error: Script error for "core/first"
http://requirejs.org/docs/errors.html#scripterror
[Parent 14756, IPC I/O Parent] WARNING: file /builds/worker/checkouts/gecko/ipc/chromium/src/base/process_util_win.cc:167
1613690629997	Marionette	INFO	Stopped listening on port 61687

###!!! [Child][RunMessage] Error: Channel closing: too late to send/recv, messages will be lost

e.warn: SearchSettings: "get: No settings file exists, new profile?" (new Error("", "(unknown module)"))
1613690512668	Marionette	INFO	Listening on port 61765
1613690513796	Marionette	WARN	TLS certificate errors will be ignored for this session
1613690513812	Marionette	ERROR	[15] No reply from Marionette:Register
console.warn: SearchSettings: "get: No settings file exists, new profile?" (new Error("", "(unknown module)"))
1613690641070	Marionette	INFO	Stopped listening on port 61765

###!!! [Child][RunMessage] Error: Channel closing: too late to send/recv, messages will be lost

"--marionette" "-foreground" "-no-remote" "-profile" "C:\\Users\\Peter\\AppData\\Local\\Temp\\rust_mozprofilecQSKoI"
console.warn: SearchSettings: "get: No settings file exists, new profile?" (new Error("", "(unknown module)"))
1613690533940	Marionette	INFO	Listening on port 61824
1613690534150	Marionette	WARN	TLS certificate errors will be ignored for this session
1613690534213	Marionette	ERROR	[18] No reply from Marionette:Register
console.warn: SearchSettings: "get: No settings file exists, new profile?" (new Error("", "(unknown module)"))
JavaScript error: https://moodle.covenantuniversity.edu.ng/lib/javascript.php/1611911658/lib/requirejs/require.min.js, line 5: Error: Script error for "core/first"
http://requirejs.org/docs/errors.html#scripterror
JavaScript error: resource://activity-stream/lib/ASRouter.jsm, line 987: NS_ERROR_ILLEGAL_VALUE: Component returned failure code: 0x80070057 (NS_ERROR_ILLEGAL_VALUE) [nsIObserverService.removeObserver]
[Parent 11632, IPC I/O Parent] WARNING: file /builds/worker/checkouts/gecko/ipc/chromium/src/base/process_util_win.cc:167
1613690638823	Marionette	INFO	Stopped listening on port 61824

###!!! [Child][RunMessage] Error: Channel closing: too late to send/recv, messages will be lost

ate errors will be ignored for this session
1613690560754	Marionette	ERROR	[15] No reply from Marionette:Register
console.warn: SearchSettings: "get: No settings file exists, new profile?" (new Error("", "(unknown module)"))
JavaScript error: resource://activity-stream/lib/ASRouter.jsm, line 987: NS_ERROR_ILLEGAL_VALUE: Component returned failure code: 0x80070057 (NS_ERROR_ILLEGAL_VALUE) [nsIObserverService.removeObserver]
1613690626894	Marionette	INFO	Stopped listening on port 61883

###!!! [Child][RunMessage] Error: Channel closing: too late to send/recv, messages will be lost

"", "(unknown module)"))
1613690593141	Marionette	INFO	Listening on port 61952
1613690593883	Marionette	WARN	TLS certificate errors will be ignored for this session
1613690593956	Marionette	ERROR	[15] No reply from Marionette:Register
console.warn: SearchSettings: "get: No settings file exists, new profile?" (new Error("", "(unknown module)"))
[Parent 16692, IPC I/O Parent] WARNING: file /builds/worker/checkouts/gecko/ipc/chromium/src/base/process_util_win.cc:167
1613690636607	Marionette	INFO	Stopped listening on port 61952

###!!! [Child][RunMessage] Error: Channel closing: too late to send/recv, messages will be lost

1613691136872	geckodriver	INFO	Listening on 127.0.0.1:62100
1613691139960	mozrunner::runner	INFO	Running command: "C:\\Program Files\\Mozilla Firefox\\firefox.exe" "--marionette" "-foreground" "-no-remote" "-profile" "C:\\Users\\Peter\\AppData\\Local\\Temp\\rust_mozprofilemb7wH7"
console.warn: SearchSettings: "get: No settings file exists, new profile?" (new Error("", "(unknown module)"))
1613691146294	Marionette	INFO	Listening on port 62109
1613691146846	Marionette	WARN	TLS certificate errors will be ignored for this session
1613691146891	Marionette	ERROR	[15] No reply from Marionette:Register
console.warn: SearchSettings: "get: No settings file exists, new profile?" (new Error("", "(unknown module)"))
1613726446584	geckodriver	INFO	Listening on 127.0.0.1:62674
1613726449664	mozrunner::runner	INFO	Running command: "C:\\Program Files\\Mozilla Firefox\\firefox.exe" "--marionette" "-foreground" "-no-remote" "-profile" "C:\\Users\\Peter\\AppData\\Local\\Temp\\rust_mozprofileXAbyVu"
console.warn: SearchSettings: "get: No settings file exists, new profile?" (new Error("", "(unknown module)"))
1613726456667	Marionette	INFO	Listening on port 62683
1613726457227	Marionette	WARN	TLS certificate errors will be ignored for this session
1613726457275	Marionette	ERROR	[15] No reply from Marionette:Register
console.error: Region.jsm: "Error fetching region" (new Error("TIMEOUT", "resource://gre/modules/Region.jsm", 775))
console.error: Region.jsm: "Failed to fetch region" (new Error("TIMEOUT", "resource://gre/modules/Region.jsm", 422))
JavaScript error: https://moodle.covenantuniversity.edu.ng/lib/javascript.php/1611911658/lib/requirejs/require.min.js, line 5: Error: Script error for "core/first"
http://requirejs.org/docs/errors.html#scripterror
JavaScript error: https://moodle.covenantuniversity.edu.ng/lib/javascript.php/1611911658/lib/requirejs/require.min.js, line 5: Error: Script error for "core/first"
http://requirejs.org/docs/errors.html#scripterror
JavaScript error: https://moodle.covenantuniversity.edu.ng/lib/javascript.php/1611911658/lib/requirejs/require.min.js, line 5: Error: Script error for "core/first"
http://requirejs.org/docs/errors.html#scripterror
1613732112890	geckodriver	INFO	Listening on 127.0.0.1:63197
1613732115919	mozrunner::runner	INFO	Running command: "C:\\Program Files\\Mozilla Firefox\\firefox.exe" "--marionette" "-foreground" "-no-remote" "-profile" "C:\\Users\\Peter\\AppData\\Local\\Temp\\rust_mozprofileffoHTD"
console.warn: SearchSettings: "get: No settings file exists, new profile?" (new Error("", "(unknown module)"))
1613732122816	Marionette	INFO	Listening on port 63205
1613732123425	Marionette	WARN	TLS certificate errors will be ignored for this session
1613732123452	Marionette	ERROR	[15] No reply from Marionette:Register
console.warn: SearchSettings: "get: No settings file exists, new profile?" (new Error("", "(unknown module)"))
JavaScript error: resource://activity-stream/lib/ASRouter.jsm, line 987: NS_ERROR_ILLEGAL_VALUE: Component returned failure code: 0x80070057 (NS_ERROR_ILLEGAL_VALUE) [nsIObserverService.removeObserver]
[Parent 15120, IPC I/O Parent] WARNING: file /builds/worker/checkouts/gecko/ipc/chromium/src/base/process_util_win.cc:167
1613732132568	Marionette	INFO	Stopped listening on port 63205

###!!! [Child][RunMessage] Error: Channel closing: too late to send/recv, messages will be lost

1613732135658	geckodriver	INFO	Listening on 127.0.0.1:63252
1613732138775	mozrunner::runner	INFO	Running command: "C:\\Program Files\\Mozilla Firefox\\firefox.exe" "--marionette" "-foreground" "-no-remote" "-profile" "C:\\Users\\Peter\\AppData\\Local\\Temp\\rust_mozprofileo9BZLU"
console.warn: SearchSettings: "get: No settings file exists, new profile?" (new Error("", "(unknown module)"))
1613732147470	Marionette	INFO	Listening on port 63260
1613732147983	Marionette	WARN	TLS certificate errors will be ignored for this session
1613732148011	Marionette	ERROR	[15] No reply from Marionette:Register
console.warn: SearchSettings: "get: No settings file exists, new profile?" (new Error("", "(unknown module)"))
1613732447375	Marionette	INFO	Stopped listening on port 63260

###!!! [Child][RunMessage] Error: Channel closing: too late to send/recv, messages will be lost

1613733532181	geckodriver	INFO	Listening on 127.0.0.1:63698
1613733535389	mozrunner::runner	INFO	Running command: "C:\\Program Files\\Mozilla Firefox\\firefox.exe" "--marionette" "-foreground" "-no-remote" "-profile" "C:\\Users\\Peter\\AppData\\Local\\Temp\\rust_mozprofileuLXr3n"
console.warn: SearchSettings: "get: No settings file exists, new profile?" (new Error("", "(unknown module)"))
1613733546227	Marionette	INFO	Listening on port 63708
1613733547635	Marionette	WARN	TLS certificate errors will be ignored for this session
1613733547684	Marionette	ERROR	[15] No reply from Marionette:Register
console.warn: SearchSettings: "get: No settings file exists, new profile?" (new Error("", "(unknown module)"))
1613733618902	geckodriver	INFO	Listening on 127.0.0.1:63774
1613733622025	mozrunner::runner	INFO	Running command: "C:\\Program Files\\Mozilla Firefox\\firefox.exe" "--marionette" "-foreground" "-no-remote" "-profile" "C:\\Users\\Peter\\AppData\\Local\\Temp\\rust_mozprofile9tXzZL"
console.warn: SearchSettings: "get: No settings file exists, new profile?" (new Error("", "(unknown module)"))
1613733628433	Marionette	INFO	Listening on port 63783
1613733628563	Marionette	WARN	TLS certificate errors will be ignored for this session
1613733628577	Marionette	ERROR	[15] No reply from Marionette:Register
console.warn: SearchSettings: "get: No settings file exists, new profile?" (new Error("", "(unknown module)"))
JavaScript error: https://moodle.covenantuniversity.edu.ng/lib/javascript.php/1611911658/lib/requirejs/require.min.js, line 5: Error: Script error for "core/first"
http://requirejs.org/docs/errors.html#scripterror
JavaScript error: https://moodle.covenantuniversity.edu.ng/lib/javascript.php/1611911658/lib/requirejs/require.min.js, line 5: Error: Script error for "core/first"
http://requirejs.org/docs/errors.html#scripterror
JavaScript error: https://moodle.covenantuniversity.edu.ng/lib/javascript.php/1611911658/lib/requirejs/require.min.js, line 5: Error: Script error for "core/first"
http://requirejs.org/docs/errors.html#scripterror
JavaScript error: https://moodle.covenantuniversity.edu.ng/lib/javascript.php/1611911658/lib/requirejs/require.min.js, line 5: Error: Script error for "core/first"
http://requirejs.org/docs/errors.html#scripterror
JavaScript error: https://moodle.covenantuniversity.edu.ng/lib/javascript.php/1611911658/lib/requirejs/require.min.js, line 5: Error: Script error for "core/first"
http://requirejs.org/docs/errors.html#scripterror
JavaScript error: https://moodle.covenantuniversity.edu.ng/lib/javascript.php/1611911658/lib/requirejs/require.min.js, line 5: Error: Script error for "core/first"
http://requirejs.org/docs/errors.html#scripterror
1613733999553	geckodriver	INFO	Listening on 127.0.0.1:63859
1613734002654	mozrunner::runner	INFO	Running command: "C:\\Program Files\\Mozilla Firefox\\firefox.exe" "--marionette" "-foreground" "-no-remote" "-profile" "C:\\Users\\Peter\\AppData\\Local\\Temp\\rust_mozprofilehRfCHV"
console.warn: SearchSettings: "get: No settings file exists, new profile?" (new Error("", "(unknown module)"))
1613734008973	Marionette	INFO	Listening on port 63868
1613734009026	Marionette	WARN	TLS certificate errors will be ignored for this session
1613734009049	Marionette	ERROR	[15] No reply from Marionette:Register
console.error: Region.jsm: "Error fetching region" (new Error("TIMEOUT", "resource://gre/modules/Region.jsm", 775))
console.error: Region.jsm: "Failed to fetch region" (new Error("TIMEOUT", "resource://gre/modules/Region.jsm", 422))
JavaScript error: https://moodle.covenantuniversity.edu.ng/lib/javascript.php/1611911658/lib/requirejs/require.min.js, line 5: Error: Script error for "core/first"
http://requirejs.org/docs/errors.html#scripterror
JavaScript error: https://moodle.covenantuniversity.edu.ng/lib/javascript.php/1611911658/lib/requirejs/require.min.js, line 5: Error: Script error for "core/first"
http://requirejs.org/docs/errors.html#scripterror
1613734459306	geckodriver	INFO	Listening on 127.0.0.1:63971
1613734462452	mozrunner::runner	INFO	Running command: "C:\\Program Files\\Mozilla Firefox\\firefox.exe" "--marionette" "-foreground" "-no-remote" "-profile" "C:\\Users\\Peter\\AppData\\Local\\Temp\\rust_mozprofile98Yeqv"
console.warn: SearchSettings: "get: No settings file exists, new profile?" (new Error("", "(unknown module)"))
1613734468181	Marionette	INFO	Listening on port 63979
1613734468281	Marionette	WARN	TLS certificate errors will be ignored for this session
1613734468297	Marionette	ERROR	[15] No reply from Marionette:Register
JavaScript error: https://moodle.covenantuniversity.edu.ng/lib/javascript.php/1611911658/lib/requirejs/require.min.js, line 5: Error: Script error for "core/first"
http://requirejs.org/docs/errors.html#scripterror
console.error: Region.jsm: "Error fetching region" (new Error("TIMEOUT", "resource://gre/modules/Region.jsm", 775))
console.error: Region.jsm: "Failed to fetch region" (new Error("TIMEOUT", "resource://gre/modules/Region.jsm", 422))
JavaScript error: https://moodle.covenantuniversity.edu.ng/lib/javascript.php/1611911658/lib/requirejs/require.min.js, line 5: Error: Script error for "core/first"
http://requirejs.org/docs/errors.html#scripterror
JavaScript error: https://moodle.covenantuniversity.edu.ng/lib/javascript.php/1611911658/lib/requirejs/require.min.js, line 5: Error: Script error for "core/first"
http://requirejs.org/docs/errors.html#scripterror
JavaScript error: https://moodle.covenantuniversity.edu.ng/lib/javascript.php/1611911658/lib/requirejs/require.min.js, line 5: Error: Script error for "core/first"
http://requirejs.org/docs/errors.html#scripterror
1613735335695	geckodriver	INFO	Listening on 127.0.0.1:64418
1613735338905	mozrunner::runner	INFO	Running command: "C:\\Program Files\\Mozilla Firefox\\firefox.exe" "--marionette" "-foreground" "-no-remote" "-profile" "C:\\Users\\Peter\\AppData\\Local\\Temp\\rust_mozprofilekXNDAK"
console.warn: SearchSettings: "get: No settings file exists, new profile?" (new Error("", "(unknown module)"))
1613735344186	Marionette	INFO	Listening on port 64427
1613735344267	Marionette	WARN	TLS certificate errors will be ignored for this session
1613735344298	Marionette	ERROR	[18] No reply from Marionette:Register
console.error: Region.jsm: "Error fetching region" (new TypeError("NetworkError when attempting to fetch resource.", ""))
console.error: Region.jsm: "Failed to fetch region" (new Error("NO_RESULT", "resource://gre/modules/Region.jsm", 422))
JavaScript error: resource://activity-stream/lib/ASRouter.jsm, line 987: NS_ERROR_ILLEGAL_VALUE: Component returned failure code: 0x80070057 (NS_ERROR_ILLEGAL_VALUE) [nsIObserverService.removeObserver]
[Parent 17064, IPC I/O Parent] WARNING: file /builds/worker/checkouts/gecko/ipc/chromium/src/base/process_util_win.cc:167
1613735365923	Marionette	INFO	Stopped listening on port 64427

###!!! [Child][RunMessage] Error: Channel closing: too late to send/recv, messages will be lost

1613735371036	geckodriver	INFO	Listening on 127.0.0.1:64485
1613735374160	mozrunner::runner	INFO	Running command: "C:\\Program Files\\Mozilla Firefox\\firefox.exe" "--marionette" "-foreground" "-no-remote" "-profile" "C:\\Users\\Peter\\AppData\\Local\\Temp\\rust_mozprofilewN4BFO"
console.warn: SearchSettings: "get: No settings file exists, new profile?" (new Error("", "(unknown module)"))
JavaScript error: resource://activity-stream/lib/ActivityStreamPrefs.jsm, line 27: NS_ERROR_ILLEGAL_VALUE: Component returned failure code: 0x80070057 (NS_ERROR_ILLEGAL_VALUE) [nsIPrefBranch.removeObserver]
JavaScript error: resource://activity-stream/lib/ASRouterNewTabHook.jsm, line 61: TypeError: this._router is null
console.error: Region.jsm: "Error fetching region" (new TypeError("NetworkError when attempting to fetch resource.", ""))
console.error: Region.jsm: "Failed to fetch region" (new Error("NO_RESULT", "resource://gre/modules/Region.jsm", 422))
[Parent 10460, IPC I/O Parent] WARNING: file /builds/worker/checkouts/gecko/ipc/chromium/src/base/process_util_win.cc:167
console.log: "RemoteSettingsWorker error: Error: Can't import when we've started shutting down."
JavaScript error: resource://activity-stream/lib/PlacesFeed.jsm, line 194: NS_ERROR_UNEXPECTED: Component returned failure code: 0x8000ffff (NS_ERROR_UNEXPECTED) [nsINavHistoryService.addObserver]
JavaScript error: resource://gre/modules/ExtensionSettingsStore.jsm, line 122: Error: The ExtensionSettingsStore was accessed before the initialize promise resolved.
console.log: "RemoteSettingsWorker error: Error: Can't import when we've started shutting down."
console.log: "RemoteSettingsWorker error: Error: Can't import when we've started shutting down."
console.log: "RemoteSettingsWorker error: Error: Can't import when we've started shutting down."
console.error: "Could not load engine google@search.mozilla.org: [Exception... \"AddonManager is not initialized\"  nsresult: \"0xc1f30001 (NS_ERROR_NOT_INITIALIZED)\"  location: \"JS frame :: resource://gre/modules/AddonManager.jsm :: installBuiltinAddon :: line 2550\"  data: no]"
console.error: "Could not load engine amazondotcom@search.mozilla.org: [Exception... \"AddonManager is not initialized\"  nsresult: \"0xc1f30001 (NS_ERROR_NOT_INITIALIZED)\"  location: \"JS frame :: resource://gre/modules/AddonManager.jsm :: installBuiltinAddon :: line 2550\"  data: no]"
console.error: "Could not load engine wikipedia@search.mozilla.org: [Exception... \"AddonManager is not initialized\"  nsresult: \"0xc1f30001 (NS_ERROR_NOT_INITIALIZED)\"  location: \"JS frame :: resource://gre/modules/AddonManager.jsm :: installBuiltinAddon :: line 2550\"  data: no]"
console.error: "Could not load engine bing@search.mozilla.org: [Exception... \"AddonManager is not initialized\"  nsresult: \"0xc1f30001 (NS_ERROR_NOT_INITIALIZED)\"  location: \"JS frame :: resource://gre/modules/AddonManager.jsm :: installBuiltinAddon :: line 2550\"  data: no]"
console.error: "Could not load engine ddg@search.mozilla.org: [Exception... \"AddonManager is not initialized\"  nsresult: \"0xc1f30001 (NS_ERROR_NOT_INITIALIZED)\"  location: \"JS frame :: resource://gre/modules/AddonManager.jsm :: installBuiltinAddon :: line 2550\"  data: no]"
console.warn: SearchService: "_init: abandoning init due to shutting down"
JavaScript error: , line 0: uncaught exception: 2147500036
JavaScript error: , line 0: uncaught exception: 2147500036
JavaScript error: , line 0: uncaught exception: 2147500036
JavaScript error: , line 0: uncaught exception: 2147500036
JavaScript error: , line 0: uncaught exception: 2147500036
JavaScript error: , line 0: AbortError: A request was aborted, for example through a call to IDBTransaction.abort.

###!!! [Child][RunMessage] Error: Channel closing: too late to send/recv, messages will be lost

1613735396917	geckodriver	INFO	Listening on 127.0.0.1:64530
1613735400042	mozrunner::runner	INFO	Running command: "C:\\Program Files\\Mozilla Firefox\\firefox.exe" "--marionette" "-foreground" "-no-remote" "-profile" "C:\\Users\\Peter\\AppData\\Local\\Temp\\rust_mozprofileWakaBS"
console.warn: SearchSettings: "get: No settings file exists, new profile?" (new Error("", "(unknown module)"))
console.error: Region.jsm: "Error fetching region" (new TypeError("NetworkError when attempting to fetch resource.", ""))
console.error: Region.jsm: "Failed to fetch region" (new Error("NO_RESULT", "resource://gre/modules/Region.jsm", 422))
1613735405888	Marionette	INFO	Listening on port 64540
1613735405976	Marionette	WARN	TLS certificate errors will be ignored for this session
1613735406002	Marionette	ERROR	[15] No reply from Marionette:Register
JavaScript error: http://internetlogin1.cu.edu.ng/login?dst=http%3A%2F%2Fdetectportal.firefox.com%2Fsuccess.txt, line 3150: uncaught exception: Invalid dimensions for plot, width = null, height = null
JavaScript error: http://internetlogin1.cu.edu.ng/login, line 3150: uncaught exception: Invalid dimensions for plot, width = null, height = null
JavaScript error: resource://activity-stream/lib/ASRouter.jsm, line 987: NS_ERROR_ILLEGAL_VALUE: Component returned failure code: 0x80070057 (NS_ERROR_ILLEGAL_VALUE) [nsIObserverService.removeObserver]
1613735937912	Marionette	INFO	Stopped listening on port 64540
1613736098907	geckodriver	INFO	Listening on 127.0.0.1:65067
1613736102033	mozrunner::runner	INFO	Running command: "C:\\Program Files\\Mozilla Firefox\\firefox.exe" "--marionette" "-foreground" "-no-remote" "-profile" "C:\\Users\\Peter\\AppData\\Local\\Temp\\rust_mozprofileQql5w5"
console.warn: SearchSettings: "get: No settings file exists, new profile?" (new Error("", "(unknown module)"))
[Parent 17112, IPC I/O Parent] WARNING: file /builds/worker/checkouts/gecko/ipc/chromium/src/base/process_util_win.cc:167
1613736107258	Marionette	INFO	Listening on port 65075
1613736107316	Marionette	WARN	TLS certificate errors will be ignored for this session
1613736107327	Marionette	ERROR	[18] No reply from Marionette:Register
console.warn: SearchSettings: "get: No settings file exists, new profile?" (new Error("", "(unknown module)"))
JavaScript error: https://moodle.covenantuniversity.edu.ng/lib/javascript.php/1611911658/lib/requirejs/require.min.js, line 5: Error: Script error for "core/first"
http://requirejs.org/docs/errors.html#scripterror
JavaScript error: https://moodle.covenantuniversity.edu.ng/lib/javascript.php/1611911658/lib/requirejs/require.min.js, line 5: Error: Script error for "core/first"
http://requirejs.org/docs/errors.html#scripterror
JavaScript error: https://moodle.covenantuniversity.edu.ng/lib/javascript.php/1611911658/lib/requirejs/require.min.js, line 5: Error: Script error for "core/first"
http://requirejs.org/docs/errors.html#scripterror
1613740434168	geckodriver	INFO	Listening on 127.0.0.1:49640
1613740437278	mozrunner::runner	INFO	Running command: "C:\\Program Files\\Mozilla Firefox\\firefox.exe" "--marionette" "-foreground" "-no-remote" "-profile" "C:\\Users\\Peter\\AppData\\Local\\Temp\\rust_mozprofileigBMdN"
console.warn: SearchSettings: "get: No settings file exists, new profile?" (new Error("", "(unknown module)"))
1613740443342	Marionette	INFO	Listening on port 49648
1613740443712	Marionette	WARN	TLS certificate errors will be ignored for this session
1613740443766	Marionette	ERROR	[15] No reply from Marionette:Register
1613740471497	geckodriver	INFO	Listening on 127.0.0.1:49686
1613740474616	mozrunner::runner	INFO	Running command: "C:\\Program Files\\Mozilla Firefox\\firefox.exe" "--marionette" "-foreground" "-no-remote" "-profile" "C:\\Users\\Peter\\AppData\\Local\\Temp\\rust_mozprofileRZq9Oz"
console.warn: SearchSettings: "get: No settings file exists, new profile?" (new Error("", "(unknown module)"))
1613740481692	Marionette	INFO	Listening on port 49694
1613740482175	Marionette	WARN	TLS certificate errors will be ignored for this session
1613740482219	Marionette	ERROR	[18] No reply from Marionette:Register
1613740494573	geckodriver	INFO	Listening on 127.0.0.1:49721
1613740497715	mozrunner::runner	INFO	Running command: "C:\\Program Files\\Mozilla Firefox\\firefox.exe" "--marionette" "-foreground" "-no-remote" "-profile" "C:\\Users\\Peter\\AppData\\Local\\Temp\\rust_mozprofile2mBKEo"
console.warn: SearchSettings: "get: No settings file exists, new profile?" (new Error("", "(unknown module)"))
1613740503647	Marionette	INFO	Listening on port 49729
1613740504133	Marionette	WARN	TLS certificate errors will be ignored for this session
1613740504179	Marionette	ERROR	[15] No reply from Marionette:Register
console.error: Region.jsm: "Error fetching region" (new Error("TIMEOUT", "resource://gre/modules/Region.jsm", 775))
console.error: Region.jsm: "Failed to fetch region" (new Error("TIMEOUT", "resource://gre/modules/Region.jsm", 422))
JavaScript error: https://moodle.covenantuniversity.edu.ng/lib/javascript.php/1611911658/lib/requirejs/require.min.js, line 5: Error: Script error for "core/first"
http://requirejs.org/docs/errors.html#scripterror
JavaScript error: https://moodle.covenantuniversity.edu.ng/lib/javascript.php/1611911658/lib/requirejs/require.min.js, line 5: Error: Script error for "core/first"
http://requirejs.org/docs/errors.html#scripterror
JavaScript error: https://moodle.covenantuniversity.edu.ng/lib/javascript.php/1611911658/lib/requirejs/require.min.js, line 5: Error: Script error for "core/first"
http://requirejs.org/docs/errors.html#scripterror
